Arguments: 
  /usr/bin/node /usr/share/yarn/bin/yarn.js

PATH: 
  /mnt/c/Users/Gerrit/bin:/mnt/c/Users/Gerrit/.local/bin:/home/gerrit/.npm-packages/bin:/usr/local/sbin:/usr/local/bin:/usr/sbin:/usr/bin:/sbin:/bin:/usr/games:/usr/local/games:/mnt/c/Program Files (x86)/Common Files/Oracle/Java/javapath_target_643917343:/mnt/c/Windows/System32:/mnt/c/Windows:/mnt/c/Windows/System32/wbem:/mnt/c/Windows/System32/WindowsPowerShell/v1.0:/mnt/c/Program Files/Git/cmd:/mnt/c/ProgramData/ComposerSetup/bin:/mnt/c/Program Files/Microsoft SQL Server/130/Tools/Binn:/mnt/c/Program Files/dotnet:/mnt/c/Program Files (x86)/Yarn/bin:/mnt/c/Program Files/nodejs:/mnt/c/Windows/System32/OpenSSH:/mnt/c/Users/Gerrit/AppData/Local/Programs/Python/Python37/Scripts:/mnt/c/Users/Gerrit/AppData/Local/Programs/Python/Python37:/mnt/c/Users/Gerrit/AppData/Local/Microsoft/WindowsApps:/mnt/c/Program Files/iTunes:/mnt/c/Users/Gerrit/AppData/Local/GitHubDesktop/bin:/mnt/c/Users/Gerrit/AppData/Local/Microsoft/WindowsApps:/mnt/c/Program Files (x86)/Yarn/bin:/mnt/c/Users/Gerrit/AppData/Roaming/npm:/mnt/c/Program Files (x86)/Common Files/Apple/Apple Application Support:/mnt/c/Users/Gerrit/AppData/Local/Pandoc:/mnt/c/Users/Gerrit/Documents/xampp/php:/mnt/c/Users/Gerrit/AppData/Local/Programs/Microsoft VS Code/bin:/mnt/c/Users/Gerrit/AppData/Local/Programs/Fiddler:/mnt/c/texlive/2018/bin/win32:/snap/bin:./node_modules/.bin:/mnt/c/Users/Gerrit/.npm-packages/bin

Yarn version: 
  1.10.1

Node version: 
  8.12.0

Platform: 
  linux x64

Trace: 
  Error: ENOENT: no such file or directory, lstat '/mnt/c/Users/Gerrit/.cache/yarn/v2/npm-resolve-1.8.1-82f1ec19a423ac1fbd080b0bab06ba36e84a7a26/test/node_path/x/aaa'

npm manifest: 
  {
    "name": "browser-loader",
    "version": "1.0.0",
    "main": "index.js",
    "repository": "https://github.com/Blockheads-Messagebot/Browser-Loader.git",
    "author": "Bibliofile <Bibliofilegit@gmail.com>",
    "license": "MIT",
    "dependencies": {
      "@bhmb/bot": "^7.1.2",
      "@bhmb/console": "^1.0.3",
      "@bhmb/messages": "^1.0.14",
      "@bhmb/ui": "^1.0.8",
      "blockheads-cloud-api": "^0.0.3",
      "rollup": "^0.66.6",
      "rollup-plugin-commonjs": "^9.2.0",
      "rollup-plugin-node-resolve": "^3.4.0",
      "rollup-plugin-string": "^2.0.2",
      "rollup-plugin-typescript2": "^0.17.1",
      "rollup-plugin-uglify": "^6.0.0",
      "rollup-plugin-uglify-es": "^0.0.1",
      "save-as": "^0.1.8",
      "tslint": "^5.11.0",
      "typescript": "^3.1.3"
    },
    "scripts": {
      "build": "rollup --config"
    }
  }

yarn manifest: 
  No manifest

Lockfile: 
  # THIS IS AN AUTOGENERATED FILE. DO NOT EDIT THIS FILE DIRECTLY.
  # yarn lockfile v1
  
  
  "@babel/code-frame@^7.0.0":
    version "7.0.0"
    resolved "https://registry.yarnpkg.com/@babel/code-frame/-/code-frame-7.0.0.tgz#06e2ab19bdb535385559aabb5ba59729482800f8"
    integrity sha512-OfC2uemaknXr87bdLUkWog7nYuliM9Ij5HUcajsVcMCpQrcLmtxRbVFTIqmcSkSeYRBFBRxs2FiUqFJDLdiebA==
    dependencies:
      "@babel/highlight" "^7.0.0"
  
  "@babel/highlight@^7.0.0":
    version "7.0.0"
    resolved "https://registry.yarnpkg.com/@babel/highlight/-/highlight-7.0.0.tgz#f710c38c8d458e6dd9a201afb637fcb781ce99e4"
    integrity sha512-UFMC4ZeFC48Tpvj7C8UgLvtkaUuovQX+5xNWrsIoMG8o2z+XFKjKaN9iVmS84dPwVN00W4wPmqvYoZF3EGAsfw==
    dependencies:
      chalk "^2.0.0"
      esutils "^2.0.2"
      js-tokens "^4.0.0"
  
  "@bhmb/bot@^7.1.1":
    version "7.1.1"
    resolved "https://registry.yarnpkg.com/@bhmb/bot/-/bot-7.1.1.tgz#f91a72765237ee7c75a8d0ede9bffb657028ab98"
    integrity sha1-+RpydlI37nx1qNDt6b/7ZXAoq5g=
    dependencies:
      blockheads-api-interface "^0.0.1"
  
  "@bhmb/console@^1.0.3":
    version "1.0.3"
    resolved "https://registry.yarnpkg.com/@bhmb/console/-/console-1.0.3.tgz#d5a31acb09f4c9ba406ff2d417e112fc66c61ab4"
    integrity sha1-1aMaywn0ybpAb/LUF+ES/GbGGrQ=
  
  "@bhmb/messages@^1.0.14":
    version "1.0.14"
    resolved "https://registry.yarnpkg.com/@bhmb/messages/-/messages-1.0.14.tgz#cb32d4c2df2502103b75206d8ac855941b101b6c"
    integrity sha1-yzLUwt8lAhA7dSBtishVlBsQG2w=
    dependencies:
      dragula "^3.7.2"
  
  "@bhmb/ui@^1.0.8":
    version "1.0.8"
    resolved "https://registry.yarnpkg.com/@bhmb/ui/-/ui-1.0.8.tgz#8af1da555a94933eebad6cf8fc1f1d4a66c41d46"
    integrity sha1-ivHaVVqUkz7rrWz4/B8dSmbEHUY=
  
  "@types/estree@0.0.39":
    version "0.0.39"
    resolved "https://registry.yarnpkg.com/@types/estree/-/estree-0.0.39.tgz#e177e699ee1b8c22d23174caaa7422644389509f"
    integrity sha512-EYNwp3bU+98cpU4lAWYYL7Zz+2gryWH1qbdDTidVd6hkiR6weksdbMadyXKXNPEkQFhXM+hVO9ZygomHXp+AIw==
  
  "@types/node@*":
    version "10.0.3"
    resolved "https://registry.yarnpkg.com/@types/node/-/node-10.0.3.tgz#1f89840c7aac2406cc43a2ecad98fc02a8e130e4"
    integrity sha512-J7nx6JzxmtT4zyvfLipYL7jNaxvlCWpyG7JhhCQ4fQyG+AGfovAHoYR55TFx+X8akfkUJYpt5JG6GPeFMjZaCQ==
  
  ansi-regex@^2.0.0:
    version "2.1.1"
    resolved "https://registry.yarnpkg.com/ansi-regex/-/ansi-regex-2.1.1.tgz#c3b33ab5ee360d86e0e628f0468ae7ef27d654df"
    integrity sha1-w7M6te42DYbg5ijwRorn7yfWVN8=
  
  ansi-styles@^2.2.1:
    version "2.2.1"
    resolved "https://registry.yarnpkg.com/ansi-styles/-/ansi-styles-2.2.1.tgz#b432dd3358b634cf75e1e4664368240533c1ddbe"
    integrity sha1-tDLdM1i2NM914eRmQ2gkBTPB3b4=
  
  ansi-styles@^3.2.1:
    version "3.2.1"
    resolved "https://registry.yarnpkg.com/ansi-styles/-/ansi-styles-3.2.1.tgz#41fbb20243e50b12be0f04b8dedbf07520ce841d"
    integrity sha512-VT0ZI6kZRdTh8YyJw3SMbYm/u+NqfsAxEpWO0Pf9sq8/e94WxxOpPKx9FR1FlyCtOVDNOQ+8ntlqFxiRc+r5qA==
    dependencies:
      color-convert "^1.9.0"
  
  argparse@^1.0.7:
    version "1.0.10"
    resolved "https://registry.yarnpkg.com/argparse/-/argparse-1.0.10.tgz#bcd6791ea5ae09725e17e5ad988134cd40b3d911"
    integrity sha512-o5Roy6tNG4SL/FOkCAN6RzjiakZS25RLYFrcMttJqbdd8BWrnA+fGz57iN5Pb06pvBGvl5gQ0B48dJlslXvoTg==
    dependencies:
      sprintf-js "~1.0.2"
  
  arr-diff@^2.0.0:
    version "2.0.0"
    resolved "https://registry.yarnpkg.com/arr-diff/-/arr-diff-2.0.0.tgz#8f3b827f955a8bd669697e4a4256ac3ceae356cf"
    integrity sha1-jzuCf5Vai9ZpaX5KQlasPOrjVs8=
    dependencies:
      arr-flatten "^1.0.1"
  
  arr-flatten@^1.0.1:
    version "1.1.0"
    resolved "https://registry.yarnpkg.com/arr-flatten/-/arr-flatten-1.1.0.tgz#36048bbff4e7b47e136644316c99669ea5ae91f1"
    integrity sha512-L3hKV5R/p5o81R7O02IGnwpDmkp6E982XhtbuwSe3O4qOtMMMtodicASA1Cny2U+aCXcNpml+m4dPsvsJ3jatg==
  
  array-unique@^0.2.1:
    version "0.2.1"
    resolved "https://registry.yarnpkg.com/array-unique/-/array-unique-0.2.1.tgz#a1d97ccafcbc2625cc70fadceb36a50c58b01a53"
    integrity sha1-odl8yvy8JiXMcPrc6zalDFiwGlM=
  
  assertion-error@^1.1.0:
    version "1.1.0"
    resolved "https://registry.yarnpkg.com/assertion-error/-/assertion-error-1.1.0.tgz#e60b6b0e8f301bd97e5375215bda406c85118c0b"
    integrity sha512-jgsaNduz+ndvGyFt3uSuWqvy4lCnIJiovtouQN5JZHOKCS2QuhEdbcQHFhVksz2N2U9hXJo8odG7ETyWlEeuDw==
  
  atoa@1.0.0:
    version "1.0.0"
    resolved "https://registry.yarnpkg.com/atoa/-/atoa-1.0.0.tgz#0cc0e91a480e738f923ebc103676471779b34a49"
    integrity sha1-DMDpGkgOc4+SPrwQNnZHF3mzSkk=
  
  babel-code-frame@^6.22.0:
    version "6.26.0"
    resolved "https://registry.yarnpkg.com/babel-code-frame/-/babel-code-frame-6.26.0.tgz#63fd43f7dc1e3bb7ce35947db8fe369a3f58c74b"
    integrity sha1-Y/1D99weO7fONZR9uP42mj9Yx0s=
    dependencies:
      chalk "^1.1.3"
      esutils "^2.0.2"
      js-tokens "^3.0.2"
  
  balanced-match@^1.0.0:
    version "1.0.0"
    resolved "https://registry.yarnpkg.com/balanced-match/-/balanced-match-1.0.0.tgz#89b4d199ab2bee49de164ea02b89ce462d71b767"
    integrity sha1-ibTRmasr7kneFk6gK4nORi1xt2c=
  
  blockheads-api-interface@^0.0.1:
    version "0.0.1"
    resolved "https://registry.yarnpkg.com/blockheads-api-interface/-/blockheads-api-interface-0.0.1.tgz#fec142631005187cb2c7f3264f7a463dee2c9760"
    integrity sha512-deV8tK93CE7gGd2Xn5Rn3Tk5tPFrM3+32VeoqYEqKcZrGTDzotvWckqDv4Sd/p0CXA1F6bm9nVUaRhO6uuYegQ==
  
  blockheads-cloud-api@^0.0.3:
    version "0.0.3"
    resolved "https://registry.yarnpkg.com/blockheads-cloud-api/-/blockheads-cloud-api-0.0.3.tgz#ab3ef7868c7496ae80ef63ee6a8d2268f90823ff"
    integrity sha1-qz73hox0lq6A72Puao0iaPkII/8=
    dependencies:
      blockheads-api-interface "^0.0.1"
  
  brace-expansion@^1.1.7:
    version "1.1.11"
    resolved "https://registry.yarnpkg.com/brace-expansion/-/brace-expansion-1.1.11.tgz#3c7fcbf529d87226f3d2f52b966ff5271eb441dd"
    integrity sha512-iCuPHDFgrHX7H2vEI/5xpz07zSHB00TpugqhmYtVmMO6518mCuRMoOYFldEBl0g187ufozdaHgWKcYFb61qGiA==
    dependencies:
      balanced-match "^1.0.0"
      concat-map "0.0.1"
  
  braces@^1.8.2:
    version "1.8.5"
    resolved "https://registry.yarnpkg.com/braces/-/braces-1.8.5.tgz#ba77962e12dff969d6b76711e914b737857bf6a7"
    integrity sha1-uneWLhLf+WnWt2cR6RS3N4V79qc=
    dependencies:
      expand-range "^1.8.1"
      preserve "^0.2.0"
      repeat-element "^1.1.2"
  
  builtin-modules@^1.1.1:
    version "1.1.1"
    resolved "https://registry.yarnpkg.com/builtin-modules/-/builtin-modules-1.1.1.tgz#270f076c5a72c02f5b65a47df94c5fe3a278892f"
    integrity sha1-Jw8HbFpywC9bZaR9+Uxf46J4iS8=
  
  builtin-modules@^2.0.0:
    version "2.0.0"
    resolved "https://registry.yarnpkg.com/builtin-modules/-/builtin-modules-2.0.0.tgz#60b7ef5ae6546bd7deefa74b08b62a43a232648e"
    integrity sha512-3U5kUA5VPsRUA3nofm/BXX7GVHKfxz0hOBAPxXrIvHzlDRkQVqEn6yi8QJegxl4LzOHLdvb7XF5dVawa/VVYBg==
  
  chai@*:
    version "4.2.0"
    resolved "https://registry.yarnpkg.com/chai/-/chai-4.2.0.tgz#760aa72cf20e3795e84b12877ce0e83737aa29e5"
    integrity sha512-XQU3bhBukrOsQCuwZndwGcCVQHyZi53fQ6Ys1Fym7E4olpIqqZZhhoFJoaKVvV17lWQoXYwgWN2nF5crA8J2jw==
    dependencies:
      assertion-error "^1.1.0"
      check-error "^1.0.2"
      deep-eql "^3.0.1"
      get-func-name "^2.0.0"
      pathval "^1.1.0"
      type-detect "^4.0.5"
  
  chalk@^1.1.3:
    version "1.1.3"
    resolved "https://registry.yarnpkg.com/chalk/-/chalk-1.1.3.tgz#a8115c55e4a702fe4d150abd3872822a7e09fc98"
    integrity sha1-qBFcVeSnAv5NFQq9OHKCKn4J/Jg=
    dependencies:
      ansi-styles "^2.2.1"
      escape-string-regexp "^1.0.2"
      has-ansi "^2.0.0"
      strip-ansi "^3.0.0"
      supports-color "^2.0.0"
  
  chalk@^2.0.0, chalk@^2.3.0:
    version "2.4.1"
    resolved "https://registry.yarnpkg.com/chalk/-/chalk-2.4.1.tgz#18c49ab16a037b6eb0152cc83e3471338215b66e"
    integrity sha512-ObN6h1v2fTJSmUXoS3nMQ92LbDK9be4TV+6G+omQlGJFdcUX5heKi1LZ1YnRMIgwTLEj3E24bT6tYni50rlCfQ==
    dependencies:
      ansi-styles "^3.2.1"
      escape-string-regexp "^1.0.5"
      supports-color "^5.3.0"
  
  check-error@^1.0.2:
    version "1.0.2"
    resolved "https://registry.yarnpkg.com/check-error/-/check-error-1.0.2.tgz#574d312edd88bb5dd8912e9286dd6c0aed4aac82"
    integrity sha1-V00xLt2Iu13YkS6Sht1sCu1KrII=
  
  color-convert@^1.9.0:
    version "1.9.1"
    resolved "https://registry.yarnpkg.com/color-convert/-/color-convert-1.9.1.tgz#c1261107aeb2f294ebffec9ed9ecad529a6097ed"
    integrity sha512-mjGanIiwQJskCC18rPR6OmrZ6fm2Lc7PeGFYwCmy5J34wC6F1PzdGL6xeMfmgicfYcNLGuVFA3WzXtIDCQSZxQ==
    dependencies:
      color-name "^1.1.1"
  
  color-name@^1.1.1:
    version "1.1.3"
    resolved "https://registry.yarnpkg.com/color-name/-/color-name-1.1.3.tgz#a7d0558bd89c42f795dd42328f740831ca53bc25"
    integrity sha1-p9BVi9icQveV3UIyj3QIMcpTvCU=
  
  commander@^2.12.1:
    version "2.15.1"
    resolved "https://registry.yarnpkg.com/commander/-/commander-2.15.1.tgz#df46e867d0fc2aec66a34662b406a9ccafff5b0f"
    integrity sha512-VlfT9F3V0v+jr4yxPc5gg9s62/fIVWsd2Bk2iD435um1NlGMYdVCq+MjcXnhYq2icNOizHr1kK+5TI6H0Hy0ag==
  
  commander@~2.17.1:
    version "2.17.1"
    resolved "https://registry.yarnpkg.com/commander/-/commander-2.17.1.tgz#bd77ab7de6de94205ceacc72f1716d29f20a77bf"
    integrity sha512-wPMUt6FnH2yzG95SA6mzjQOEKUU3aLaDEmzs1ti+1E9h+CsrZghRlqEM/EJ4KscsQVG8uNN4uVreUeT8+drlgg==
  
  commander@~2.9.0:
    version "2.9.0"
    resolved "https://registry.yarnpkg.com/commander/-/commander-2.9.0.tgz#9c99094176e12240cb22d6c5146098400fe0f7d4"
    integrity sha1-nJkJQXbhIkDLItbFFGCYQA/g99Q=
    dependencies:
      graceful-readlink ">= 1.0.0"
  
  concat-map@0.0.1:
    version "0.0.1"
    resolved "https://registry.yarnpkg.com/concat-map/-/concat-map-0.0.1.tgz#d8a96bd77fd68df7793a73036a3ba0d5405d477b"
    integrity sha1-2Klr13/Wjfd5OnMDajug1UBdR3s=
  
  contra@1.9.4:
    version "1.9.4"
    resolved "https://registry.yarnpkg.com/contra/-/contra-1.9.4.tgz#f53bde42d7e5b5985cae4d99a8d610526de8f28d"
    integrity sha1-9TveQtfltZhcrk2ZqNYQUm3o8o0=
    dependencies:
      atoa "1.0.0"
      ticky "1.0.1"
  
  core-util-is@~1.0.0:
    version "1.0.2"
    resolved "https://registry.yarnpkg.com/core-util-is/-/core-util-is-1.0.2.tgz#b5fd54220aa2bc5ab57aab7140c940754503c1a7"
    integrity sha1-tf1UIgqivFq1eqtxQMlAdUUDwac=
  
  crossvent@1.5.4:
    version "1.5.4"
    resolved "https://registry.yarnpkg.com/crossvent/-/crossvent-1.5.4.tgz#da2c4f8f40c94782517bf2beec1044148194ab92"
    integrity sha1-2ixPj0DJR4JRe/K+7BBEFIGUq5I=
    dependencies:
      custom-event "1.0.0"
  
  custom-event@1.0.0:
    version "1.0.0"
    resolved "https://registry.yarnpkg.com/custom-event/-/custom-event-1.0.0.tgz#2e4628be19dc4b214b5c02630c5971e811618062"
    integrity sha1-LkYovhncSyFLXAJjDFlx6BFhgGI=
  
  deep-eql@^3.0.1:
    version "3.0.1"
    resolved "https://registry.yarnpkg.com/deep-eql/-/deep-eql-3.0.1.tgz#dfc9404400ad1c8fe023e7da1df1c147c4b444df"
    integrity sha512-+QeIQyN5ZuO+3Uk5DYh6/1eKO0m0YmJFGNmFHGACpf1ClL1nmlV/p4gNgbl2pJGxgXb4faqo6UE+M5ACEMyVcw==
    dependencies:
      type-detect "^4.0.0"
  
  diff@^3.2.0:
    version "3.5.0"
    resolved "https://registry.yarnpkg.com/diff/-/diff-3.5.0.tgz#800c0dd1e0a8bfbc95835c202ad220fe317e5a12"
    integrity sha512-A46qtFgd+g7pDZinpnwiRJtxbC1hpgf0uzP3iG89scHk0AUC7A1TGxf5OiiOUv/JMZR8GOt8hL900hV0bOy5xA==
  
  dragula@^3.7.2:
    version "3.7.2"
    resolved "https://registry.yarnpkg.com/dragula/-/dragula-3.7.2.tgz#4a35c9d3981ffac1a949c29ca7285058e87393ce"
    integrity sha1-SjXJ05gf+sGpScKcpyhQWOhzk84=
    dependencies:
      contra "1.9.4"
      crossvent "1.5.4"
  
  escape-string-regexp@^1.0.2, escape-string-regexp@^1.0.5:
    version "1.0.5"
    resolved "https://registry.yarnpkg.com/escape-string-regexp/-/escape-string-regexp-1.0.5.tgz#1b61c0562190a8dff6ae3bb2cf0200ca130b86d4"
    integrity sha1-G2HAViGQqN/2rjuyzwIAyhMLhtQ=
  
  esprima@^4.0.0:
    version "4.0.0"
    resolved "https://registry.yarnpkg.com/esprima/-/esprima-4.0.0.tgz#4499eddcd1110e0b218bacf2fa7f7f59f55ca804"
    integrity sha512-oftTcaMu/EGrEIu904mWteKIv8vMuOgGYo7EhVJJN00R/EED9DCua/xxHRdYnKtcECzVg7xOWhflvJMnqcFZjw==
  
  estree-walker@^0.2.1:
    version "0.2.1"
    resolved "https://registry.yarnpkg.com/estree-walker/-/estree-walker-0.2.1.tgz#bdafe8095383d8414d5dc2ecf4c9173b6db9412e"
    integrity sha1-va/oCVOD2EFNXcLs9MkXO225QS4=
  
  estree-walker@^0.5.2:
    version "0.5.2"
    resolved "https://registry.yarnpkg.com/estree-walker/-/estree-walker-0.5.2.tgz#d3850be7529c9580d815600b53126515e146dd39"
    integrity sha512-XpCnW/AE10ws/kDAs37cngSkvgIR8aN3G0MS85m7dUpuK2EREo9VJ00uvw6Dg/hXEpfsE1I1TvJOJr+Z+TL+ig==
  
  esutils@^2.0.2:
    version "2.0.2"
    resolved "https://registry.yarnpkg.com/esutils/-/esutils-2.0.2.tgz#0abf4f1caa5bcb1f7a9d8acc6dea4faaa04bac9b"
    integrity sha1-Cr9PHKpbyx96nYrMbepPqqBLrJs=
  
  expand-brackets@^0.1.4:
    version "0.1.5"
    resolved "https://registry.yarnpkg.com/expand-brackets/-/expand-brackets-0.1.5.tgz#df07284e342a807cd733ac5af72411e581d1177b"
    integrity sha1-3wcoTjQqgHzXM6xa9yQR5YHRF3s=
    dependencies:
      is-posix-bracket "^0.1.0"
  
  expand-range@^1.8.1:
    version "1.8.2"
    resolved "https://registry.yarnpkg.com/expand-range/-/expand-range-1.8.2.tgz#a299effd335fe2721ebae8e257ec79644fc85337"
    integrity sha1-opnv/TNf4nIeuujiV+x5ZE/IUzc=
    dependencies:
      fill-range "^2.1.0"
  
  extglob@^0.3.1:
    version "0.3.2"
    resolved "https://registry.yarnpkg.com/extglob/-/extglob-0.3.2.tgz#2e18ff3d2f49ab2765cec9023f011daa8d8349a1"
    integrity sha1-Lhj/PS9JqydlzskCPwEdqo2DSaE=
    dependencies:
      is-extglob "^1.0.0"
  
  filename-regex@^2.0.0:
    version "2.0.1"
    resolved "https://registry.yarnpkg.com/filename-regex/-/filename-regex-2.0.1.tgz#c1c4b9bee3e09725ddb106b75c1e301fe2f18b26"
    integrity sha1-wcS5vuPglyXdsQa3XB4wH+LxiyY=
  
  fill-range@^2.1.0:
    version "2.2.3"
    resolved "https://registry.yarnpkg.com/fill-range/-/fill-range-2.2.3.tgz#50b77dfd7e469bc7492470963699fe7a8485a723"
    integrity sha1-ULd9/X5Gm8dJJHCWNpn+eoSFpyM=
    dependencies:
      is-number "^2.1.0"
      isobject "^2.0.0"
      randomatic "^1.1.3"
      repeat-element "^1.1.2"
      repeat-string "^1.5.2"
  
  for-in@^1.0.1:
    version "1.0.2"
    resolved "https://registry.yarnpkg.com/for-in/-/for-in-1.0.2.tgz#81068d295a8142ec0ac726c6e2200c30fb6d5e80"
    integrity sha1-gQaNKVqBQuwKxybG4iAMMPttXoA=
  
  for-own@^0.1.4:
    version "0.1.5"
    resolved "https://registry.yarnpkg.com/for-own/-/for-own-0.1.5.tgz#5265c681a4f294dabbf17c9509b6763aa84510ce"
    integrity sha1-UmXGgaTylNq78XyVCbZ2OqhFEM4=
    dependencies:
      for-in "^1.0.1"
  
  fs-extra@7.0.0:
    version "7.0.0"
    resolved "https://registry.yarnpkg.com/fs-extra/-/fs-extra-7.0.0.tgz#8cc3f47ce07ef7b3593a11b9fb245f7e34c041d6"
    integrity sha512-EglNDLRpmaTWiD/qraZn6HREAEAHJcJOmxNEYwq6xeMKnVMAy3GUcFB+wXt2C6k4CNvB/mP1y/U3dzvKKj5OtQ==
    dependencies:
      graceful-fs "^4.1.2"
      jsonfile "^4.0.0"
      universalify "^0.1.0"
  
  fs.realpath@^1.0.0:
    version "1.0.0"
    resolved "https://registry.yarnpkg.com/fs.realpath/-/fs.realpath-1.0.0.tgz#1504ad2523158caa40db4a2787cb01411994ea4f"
    integrity sha1-FQStJSMVjKpA20onh8sBQRmU6k8=
  
  get-func-name@^2.0.0:
    version "2.0.0"
    resolved "https://registry.yarnpkg.com/get-func-name/-/get-func-name-2.0.0.tgz#ead774abee72e20409433a066366023dd6887a41"
    integrity sha1-6td0q+5y4gQJQzoGY2YCPdaIekE=
  
  glob-base@^0.3.0:
    version "0.3.0"
    resolved "https://registry.yarnpkg.com/glob-base/-/glob-base-0.3.0.tgz#dbb164f6221b1c0b1ccf82aea328b497df0ea3c4"
    integrity sha1-27Fk9iIbHAscz4Kuoyi0l98Oo8Q=
    dependencies:
      glob-parent "^2.0.0"
      is-glob "^2.0.0"
  
  glob-parent@^2.0.0:
    version "2.0.0"
    resolved "https://registry.yarnpkg.com/glob-parent/-/glob-parent-2.0.0.tgz#81383d72db054fcccf5336daa902f182f6edbb28"
    integrity sha1-gTg9ctsFT8zPUzbaqQLxgvbtuyg=
    dependencies:
      is-glob "^2.0.0"
  
  glob@^7.1.1:
    version "7.1.2"
    resolved "https://registry.yarnpkg.com/glob/-/glob-7.1.2.tgz#c19c9df9a028702d678612384a6552404c636d15"
    integrity sha512-MJTUg1kjuLeQCJ+ccE4Vpa6kKVXkPYJ2mOCQyUuKLcLQsdrMCpBPUi8qVE6+YuaJkozeA9NusTAw3hLr8Xe5EQ==
    dependencies:
      fs.realpath "^1.0.0"
      inflight "^1.0.4"
      inherits "2"
      minimatch "^3.0.4"
      once "^1.3.0"
      path-is-absolute "^1.0.0"
  
  graceful-fs@^4.1.2, graceful-fs@^4.1.6:
    version "4.1.11"
    resolved "https://registry.yarnpkg.com/graceful-fs/-/graceful-fs-4.1.11.tgz#0e8bdfe4d1ddb8854d64e04ea7c00e2a026e5658"
    integrity sha1-Dovf5NHduIVNZOBOp8AOKgJuVlg=
  
  "graceful-readlink@>= 1.0.0":
    version "1.0.1"
    resolved "https://registry.yarnpkg.com/graceful-readlink/-/graceful-readlink-1.0.1.tgz#4cafad76bc62f02fa039b2f94e9a3dd3a391a725"
    integrity sha1-TK+tdrxi8C+gObL5Tpo906ORpyU=
  
  has-ansi@^2.0.0:
    version "2.0.0"
    resolved "https://registry.yarnpkg.com/has-ansi/-/has-ansi-2.0.0.tgz#34f5049ce1ecdf2b0649af3ef24e45ed35416d91"
    integrity sha1-NPUEnOHs3ysGSa8+8k5F7TVBbZE=
    dependencies:
      ansi-regex "^2.0.0"
  
  has-flag@^3.0.0:
    version "3.0.0"
    resolved "https://registry.yarnpkg.com/has-flag/-/has-flag-3.0.0.tgz#b5d454dc2199ae225699f3467e5a07f3b955bafd"
    integrity sha1-tdRU3CGZriJWmfNGfloH87lVuv0=
  
  inflight@^1.0.4:
    version "1.0.6"
    resolved "https://registry.yarnpkg.com/inflight/-/inflight-1.0.6.tgz#49bd6331d7d02d0c09bc910a1075ba8165b56df9"
    integrity sha1-Sb1jMdfQLQwJvJEKEHW6gWW1bfk=
    dependencies:
      once "^1.3.0"
      wrappy "1"
  
  inherits@2, inherits@~2.0.3:
    version "2.0.3"
    resolved "https://registry.yarnpkg.com/inherits/-/inherits-2.0.3.tgz#633c2c83e3da42a502f52466022480f4208261de"
    integrity sha1-Yzwsg+PaQqUC9SRmAiSA9CCCYd4=
  
  is-buffer@^1.1.5:
    version "1.1.6"
    resolved "https://registry.yarnpkg.com/is-buffer/-/is-buffer-1.1.6.tgz#efaa2ea9daa0d7ab2ea13a97b2b8ad51fefbe8be"
    integrity sha512-NcdALwpXkTm5Zvvbk7owOUSvVvBKDgKP5/ewfXEznmQFfs4ZRmanOeKBTjRVjka3QFoN6XJ+9F3USqfHqTaU5w==
  
  is-dotfile@^1.0.0:
    version "1.0.3"
    resolved "https://registry.yarnpkg.com/is-dotfile/-/is-dotfile-1.0.3.tgz#a6a2f32ffd2dfb04f5ca25ecd0f6b83cf798a1e1"
    integrity sha1-pqLzL/0t+wT1yiXs0Pa4PPeYoeE=
  
  is-equal-shallow@^0.1.3:
    version "0.1.3"
    resolved "https://registry.yarnpkg.com/is-equal-shallow/-/is-equal-shallow-0.1.3.tgz#2238098fc221de0bcfa5d9eac4c45d638aa1c534"
    integrity sha1-IjgJj8Ih3gvPpdnqxMRdY4qhxTQ=
    dependencies:
      is-primitive "^2.0.0"
  
  is-extendable@^0.1.1:
    version "0.1.1"
    resolved "https://registry.yarnpkg.com/is-extendable/-/is-extendable-0.1.1.tgz#62b110e289a471418e3ec36a617d472e301dfc89"
    integrity sha1-YrEQ4omkcUGOPsNqYX1HLjAd/Ik=
  
  is-extglob@^1.0.0:
    version "1.0.0"
    resolved "https://registry.yarnpkg.com/is-extglob/-/is-extglob-1.0.0.tgz#ac468177c4943405a092fc8f29760c6ffc6206c0"
    integrity sha1-rEaBd8SUNAWgkvyPKXYMb/xiBsA=
  
  is-glob@^2.0.0, is-glob@^2.0.1:
    version "2.0.1"
    resolved "https://registry.yarnpkg.com/is-glob/-/is-glob-2.0.1.tgz#d096f926a3ded5600f3fdfd91198cb0888c2d863"
    integrity sha1-0Jb5JqPe1WAPP9/ZEZjLCIjC2GM=
    dependencies:
      is-extglob "^1.0.0"
  
  is-module@^1.0.0:
    version "1.0.0"
    resolved "https://registry.yarnpkg.com/is-module/-/is-module-1.0.0.tgz#3258fb69f78c14d5b815d664336b4cffb6441591"
    integrity sha1-Mlj7afeMFNW4FdZkM2tM/7ZEFZE=
  
  is-number@^2.1.0:
    version "2.1.0"
    resolved "https://registry.yarnpkg.com/is-number/-/is-number-2.1.0.tgz#01fcbbb393463a548f2f466cce16dece49db908f"
    integrity sha1-Afy7s5NGOlSPL0ZszhbezknbkI8=
    dependencies:
      kind-of "^3.0.2"
  
  is-number@^3.0.0:
    version "3.0.0"
    resolved "https://registry.yarnpkg.com/is-number/-/is-number-3.0.0.tgz#24fd6201a4782cf50561c810276afc7d12d71195"
    integrity sha1-JP1iAaR4LPUFYcgQJ2r8fRLXEZU=
    dependencies:
      kind-of "^3.0.2"
  
  is-posix-bracket@^0.1.0:
    version "0.1.1"
    resolved "https://registry.yarnpkg.com/is-posix-bracket/-/is-posix-bracket-0.1.1.tgz#3334dc79774368e92f016e6fbc0a88f5cd6e6bc4"
    integrity sha1-MzTceXdDaOkvAW5vvAqI9c1ua8Q=
  
  is-primitive@^2.0.0:
    version "2.0.0"
    resolved "https://registry.yarnpkg.com/is-primitive/-/is-primitive-2.0.0.tgz#207bab91638499c07b2adf240a41a87210034575"
    integrity sha1-IHurkWOEmcB7Kt8kCkGochADRXU=
  
  isarray@1.0.0, isarray@~1.0.0:
    version "1.0.0"
    resolved "https://registry.yarnpkg.com/isarray/-/isarray-1.0.0.tgz#bb935d48582cba168c06834957a54a3e07124f11"
    integrity sha1-u5NdSFgsuhaMBoNJV6VKPgcSTxE=
  
  isobject@^2.0.0:
    version "2.1.0"
    resolved "https://registry.yarnpkg.com/isobject/-/isobject-2.1.0.tgz#f065561096a3f1da2ef46272f815c840d87e0c89"
    integrity sha1-8GVWEJaj8dou9GJy+BXIQNh+DIk=
    dependencies:
      isarray "1.0.0"
  
  jest-worker@^23.2.0:
    version "23.2.0"
    resolved "https://registry.yarnpkg.com/jest-worker/-/jest-worker-23.2.0.tgz#faf706a8da36fae60eb26957257fa7b5d8ea02b9"
    integrity sha1-+vcGqNo2+uYOsmlXJX+ntdjqArk=
    dependencies:
      merge-stream "^1.0.1"
  
  js-tokens@^3.0.2:
    version "3.0.2"
    resolved "https://registry.yarnpkg.com/js-tokens/-/js-tokens-3.0.2.tgz#9866df395102130e38f7f996bceb65443209c25b"
    integrity sha1-mGbfOVECEw449/mWvOtlRDIJwls=
  
  js-tokens@^4.0.0:
    version "4.0.0"
    resolved "https://registry.yarnpkg.com/js-tokens/-/js-tokens-4.0.0.tgz#19203fb59991df98e3a287050d4647cdeaf32499"
    integrity sha512-RdJUflcE3cUzKiMqQgsCu06FPu9UdIJO0beYbPhHN4k6apgJtifcoCtT9bcxOpYBtpD2kCM6Sbzg4CausW/PKQ==
  
  js-yaml@^3.7.0:
    version "3.11.0"
    resolved "https://registry.yarnpkg.com/js-yaml/-/js-yaml-3.11.0.tgz#597c1a8bd57152f26d622ce4117851a51f5ebaef"
    integrity sha512-saJstZWv7oNeOyBh3+Dx1qWzhW0+e6/8eDzo7p5rDFqxntSztloLtuKu+Ejhtq82jsilwOIZYsCz+lIjthg1Hw==
    dependencies:
      argparse "^1.0.7"
      esprima "^4.0.0"
  
  jsonfile@^4.0.0:
    version "4.0.0"
    resolved "https://registry.yarnpkg.com/jsonfile/-/jsonfile-4.0.0.tgz#8771aae0799b64076b76640fca058f9c10e33ecb"
    integrity sha1-h3Gq4HmbZAdrdmQPygWPnBDjPss=
    optionalDependencies:
      graceful-fs "^4.1.6"
  
  kind-of@^3.0.2:
    version "3.2.2"
    resolved "https://registry.yarnpkg.com/kind-of/-/kind-of-3.2.2.tgz#31ea21a734bab9bbb0f32466d893aea51e4a3c64"
    integrity sha1-MeohpzS6ubuw8yRm2JOupR5KPGQ=
    dependencies:
      is-buffer "^1.1.5"
  
  kind-of@^4.0.0:
    version "4.0.0"
    resolved "https://registry.yarnpkg.com/kind-of/-/kind-of-4.0.0.tgz#20813df3d712928b207378691a45066fae72dd57"
    integrity sha1-IIE989cSkosgc3hpGkUGb65y3Vc=
    dependencies:
      is-buffer "^1.1.5"
  
  magic-string@^0.25.1:
    version "0.25.1"
    resolved "https://registry.yarnpkg.com/magic-string/-/magic-string-0.25.1.tgz#b1c248b399cd7485da0fe7385c2fc7011843266e"
    integrity sha512-sCuTz6pYom8Rlt4ISPFn6wuFodbKMIHUMv4Qko9P17dpxb7s52KJTmRuZZqHdGmLCK9AOcDare039nRIcfdkEg==
    dependencies:
      sourcemap-codec "^1.4.1"
  
  merge-stream@^1.0.1:
    version "1.0.1"
    resolved "https://registry.yarnpkg.com/merge-stream/-/merge-stream-1.0.1.tgz#4041202d508a342ba00174008df0c251b8c135e1"
    integrity sha1-QEEgLVCKNCugAXQAjfDCUbjBNeE=
    dependencies:
      readable-stream "^2.0.1"
  
  micromatch@^2.3.11:
    version "2.3.11"
    resolved "https://registry.yarnpkg.com/micromatch/-/micromatch-2.3.11.tgz#86677c97d1720b363431d04d0d15293bd38c1565"
    integrity sha1-hmd8l9FyCzY0MdBNDRUpO9OMFWU=
    dependencies:
      arr-diff "^2.0.0"
      array-unique "^0.2.1"
      braces "^1.8.2"
      expand-brackets "^0.1.4"
      extglob "^0.3.1"
      filename-regex "^2.0.0"
      is-extglob "^1.0.0"
      is-glob "^2.0.1"
      kind-of "^3.0.2"
      normalize-path "^2.0.1"
      object.omit "^2.0.0"
      parse-glob "^3.0.4"
      regex-cache "^0.4.2"
  
  minimatch@^3.0.2, minimatch@^3.0.4:
    version "3.0.4"
    resolved "https://registry.yarnpkg.com/minimatch/-/minimatch-3.0.4.tgz#5166e286457f03306064be5497e8dbb0c3d32083"
    integrity sha512-yJHVQEhyqPLUTgt9B83PXu6W3rx4MvvHvSUvToogpwoGDOUQ+yDrR0HRot+yOCdCO7u4hX3pWft6kWBBcqh0UA==
    dependencies:
      brace-expansion "^1.1.7"
  
  normalize-path@^2.0.1:
    version "2.1.1"
    resolved "https://registry.yarnpkg.com/normalize-path/-/normalize-path-2.1.1.tgz#1ab28b556e198363a8c1a6f7e6fa20137fe6aed9"
    integrity sha1-GrKLVW4Zg2Oowab35vogE3/mrtk=
    dependencies:
      remove-trailing-separator "^1.0.1"
  
  object.omit@^2.0.0:
    version "2.0.1"
    resolved "https://registry.yarnpkg.com/object.omit/-/object.omit-2.0.1.tgz#1a9c744829f39dbb858c76ca3579ae2a54ebd1fa"
    integrity sha1-Gpx0SCnznbuFjHbKNXmuKlTr0fo=
    dependencies:
      for-own "^0.1.4"
      is-extendable "^0.1.1"
  
  once@^1.3.0:
    version "1.4.0"
    resolved "https://registry.yarnpkg.com/once/-/once-1.4.0.tgz#583b1aa775961d4b113ac17d9c50baef9dd76bd1"
    integrity sha1-WDsap3WWHUsROsF9nFC6753Xa9E=
    dependencies:
      wrappy "1"
  
  parse-glob@^3.0.4:
    version "3.0.4"
    resolved "https://registry.yarnpkg.com/parse-glob/-/parse-glob-3.0.4.tgz#b2c376cfb11f35513badd173ef0bb6e3a388391c"
    integrity sha1-ssN2z7EfNVE7rdFz7wu246OIORw=
    dependencies:
      glob-base "^0.3.0"
      is-dotfile "^1.0.0"
      is-extglob "^1.0.0"
      is-glob "^2.0.0"
  
  path-is-absolute@^1.0.0:
    version "1.0.1"
    resolved "https://registry.yarnpkg.com/path-is-absolute/-/path-is-absolute-1.0.1.tgz#174b9268735534ffbc7ace6bf53a5a9e1b5c5f5f"
    integrity sha1-F0uSaHNVNP+8es5r9TpanhtcX18=
  
  path-parse@^1.0.5:
    version "1.0.5"
    resolved "https://registry.yarnpkg.com/path-parse/-/path-parse-1.0.5.tgz#3c1adf871ea9cd6c9431b6ea2bd74a0ff055c4c1"
    integrity sha1-PBrfhx6pzWyUMbbqK9dKD/BVxME=
  
  pathval@^1.1.0:
    version "1.1.0"
    resolved "https://registry.yarnpkg.com/pathval/-/pathval-1.1.0.tgz#b942e6d4bde653005ef6b71361def8727d0645e0"
    integrity sha1-uULm1L3mUwBe9rcTYd74cn0GReA=
  
  preserve@^0.2.0:
    version "0.2.0"
    resolved "https://registry.yarnpkg.com/preserve/-/preserve-0.2.0.tgz#815ed1f6ebc65926f865b310c0713bcb3315ce4b"
    integrity sha1-gV7R9uvGWSb4ZbMQwHE7yzMVzks=
  
  process-nextick-args@~2.0.0:
    version "2.0.0"
    resolved "https://registry.yarnpkg.com/process-nextick-args/-/process-nextick-args-2.0.0.tgz#a37d732f4271b4ab1ad070d35508e8290788ffaa"
    integrity sha512-MtEC1TqN0EU5nephaJ4rAtThHtC86dNN9qCuEhtshvpVBkAW5ZO7BASN9REnF9eoXGcRub+pFuKEpOHE+HbEMw==
  
  randomatic@^1.1.3:
    version "1.1.7"
    resolved "https://registry.yarnpkg.com/randomatic/-/randomatic-1.1.7.tgz#c7abe9cc8b87c0baa876b19fde83fd464797e38c"
    integrity sha512-D5JUjPyJbaJDkuAazpVnSfVkLlpeO3wDlPROTMLGKG1zMFNFRgrciKo1ltz/AzNTkqE0HzDx655QOL51N06how==
    dependencies:
      is-number "^3.0.0"
      kind-of "^4.0.0"
  
  readable-stream@^2.0.1:
    version "2.3.6"
    resolved "https://registry.yarnpkg.com/readable-stream/-/readable-stream-2.3.6.tgz#b11c27d88b8ff1fbe070643cf94b0c79ae1b0aaf"
    integrity sha512-tQtKA9WIAhBF3+VLAseyMqZeBjW0AHJoxOtYqSUZNJxauErmLbVm2FW1y+J/YA9dUrAC39ITejlZWhVIwawkKw==
    dependencies:
      core-util-is "~1.0.0"
      inherits "~2.0.3"
      isarray "~1.0.0"
      process-nextick-args "~2.0.0"
      safe-buffer "~5.1.1"
      string_decoder "~1.1.1"
      util-deprecate "~1.0.1"
  
  regex-cache@^0.4.2:
    version "0.4.4"
    resolved "https://registry.yarnpkg.com/regex-cache/-/regex-cache-0.4.4.tgz#75bdc58a2a1496cec48a12835bc54c8d562336dd"
    integrity sha512-nVIZwtCjkC9YgvWkpM55B5rBhBYRZhAaJbgcFYXXsHnbZ9UZI9nnVWYZpBlCqv9ho2eZryPnWrZGsOdPwVWXWQ==
    dependencies:
      is-equal-shallow "^0.1.3"
  
  remove-trailing-separator@^1.0.1:
    version "1.1.0"
    resolved "https://registry.yarnpkg.com/remove-trailing-separator/-/remove-trailing-separator-1.1.0.tgz#c24bce2a283adad5bc3f58e0d48249b92379d8ef"
    integrity sha1-wkvOKig62tW8P1jg1IJJuSN52O8=
  
  repeat-element@^1.1.2:
    version "1.1.2"
    resolved "https://registry.yarnpkg.com/repeat-element/-/repeat-element-1.1.2.tgz#ef089a178d1483baae4d93eb98b4f9e4e11d990a"
    integrity sha1-7wiaF40Ug7quTZPrmLT55OEdmQo=
  
  repeat-string@^1.5.2:
    version "1.6.1"
    resolved "https://registry.yarnpkg.com/repeat-string/-/repeat-string-1.6.1.tgz#8dcae470e1c88abc2d600fff4a776286da75e637"
    integrity sha1-jcrkcOHIirwtYA//Sndihtp15jc=
  
  resolve@1.8.1, resolve@^1.8.1:
    version "1.8.1"
    resolved "https://registry.yarnpkg.com/resolve/-/resolve-1.8.1.tgz#82f1ec19a423ac1fbd080b0bab06ba36e84a7a26"
    integrity sha512-AicPrAC7Qu1JxPCZ9ZgCZlY35QgFnNqc+0LtbRNxnVw4TXvjQ72wnuL9JQcEBgXkI9JM8MsT9kaQoHcpCRJOYA==
    dependencies:
      path-parse "^1.0.5"
  
  resolve@^1.1.6, resolve@^1.3.2:
    version "1.7.1"
    resolved "https://registry.yarnpkg.com/resolve/-/resolve-1.7.1.tgz#aadd656374fd298aee895bc026b8297418677fd3"
    integrity sha512-c7rwLofp8g1U+h1KNyHL/jicrKg1Ek4q+Lr33AL65uZTinUZHe30D5HlyN5V9NW0JX1D5dXQ4jqW5l7Sy/kGfw==
    dependencies:
      path-parse "^1.0.5"
  
  rollup-plugin-commonjs@^9.2.0:
    version "9.2.0"
    resolved "https://registry.yarnpkg.com/rollup-plugin-commonjs/-/rollup-plugin-commonjs-9.2.0.tgz#4604e25069e0c78a09e08faa95dc32dec27f7c89"
    integrity sha512-0RM5U4Vd6iHjL6rLvr3lKBwnPsaVml+qxOGaaNUWN1lSq6S33KhITOfHmvxV3z2vy9Mk4t0g4rNlVaJJsNQPWA==
    dependencies:
      estree-walker "^0.5.2"
      magic-string "^0.25.1"
      resolve "^1.8.1"
      rollup-pluginutils "^2.3.3"
  
  rollup-plugin-node-resolve@^3.4.0:
    version "3.4.0"
    resolved "https://registry.yarnpkg.com/rollup-plugin-node-resolve/-/rollup-plugin-node-resolve-3.4.0.tgz#908585eda12e393caac7498715a01e08606abc89"
    integrity sha512-PJcd85dxfSBWih84ozRtBkB731OjXk0KnzN0oGp7WOWcarAFkVa71cV5hTJg2qpVsV2U8EUwrzHP3tvy9vS3qg==
    dependencies:
      builtin-modules "^2.0.0"
      is-module "^1.0.0"
      resolve "^1.1.6"
  
  rollup-plugin-string@^2.0.2:
    version "2.0.2"
    resolved "https://registry.yarnpkg.com/rollup-plugin-string/-/rollup-plugin-string-2.0.2.tgz#f5323a22cfd738b450cbea62ab6593705eac744b"
    integrity sha1-9TI6Is/XOLRQy+piq2WTcF6sdEs=
    dependencies:
      rollup-pluginutils "^1.5.0"
  
  rollup-plugin-typescript2@^0.17.1:
    version "0.17.1"
    resolved "https://registry.yarnpkg.com/rollup-plugin-typescript2/-/rollup-plugin-typescript2-0.17.1.tgz#298099f372270ae3f41fa63188400c3df2dbdb2b"
    integrity sha512-WZJ220IID2UJm3P15zIWQR6vi6YekRsL4irXYq/C9JHg+j9rqQOsihzXQM644LMgtwS3NUWKegbCOhUlCO7hKQ==
    dependencies:
      fs-extra "7.0.0"
      resolve "1.8.1"
      rollup-pluginutils "2.3.3"
      tslib "1.9.3"
  
  rollup-plugin-uglify-es@^0.0.1:
    version "0.0.1"
    resolved "https://registry.yarnpkg.com/rollup-plugin-uglify-es/-/rollup-plugin-uglify-es-0.0.1.tgz#e45644f2b685a59abdb9363407207a03a7b5a9b7"
    integrity sha1-5FZE8raFpZq9uTY0ByB6A6e1qbc=
    dependencies:
      uglify-es "3.0.3"
  
  rollup-plugin-uglify@^6.0.0:
    version "6.0.0"
    resolved "https://registry.yarnpkg.com/rollup-plugin-uglify/-/rollup-plugin-uglify-6.0.0.tgz#15aa8919e5cdc63b7cfc9319c781788b40084ce4"
    integrity sha512-XtzZd159QuOaXNvcxyBcbUCSoBsv5YYWK+7ZwUyujSmISst8avRfjWlp7cGu8T2O52OJnpEBvl+D4WLV1k1iQQ==
    dependencies:
      "@babel/code-frame" "^7.0.0"
      jest-worker "^23.2.0"
      serialize-javascript "^1.5.0"
      uglify-js "^3.4.9"
  
  rollup-pluginutils@2.3.3, rollup-pluginutils@^2.3.3:
    version "2.3.3"
    resolved "https://registry.yarnpkg.com/rollup-pluginutils/-/rollup-pluginutils-2.3.3.tgz#3aad9b1eb3e7fe8262820818840bf091e5ae6794"
    integrity sha512-2XZwja7b6P5q4RZ5FhyX1+f46xi1Z3qBKigLRZ6VTZjwbN0K1IFGMlwm06Uu0Emcre2Z63l77nq/pzn+KxIEoA==
    dependencies:
      estree-walker "^0.5.2"
      micromatch "^2.3.11"
  
  rollup-pluginutils@^1.5.0:
    version "1.5.2"
    resolved "https://registry.yarnpkg.com/rollup-pluginutils/-/rollup-pluginutils-1.5.2.tgz#1e156e778f94b7255bfa1b3d0178be8f5c552408"
    integrity sha1-HhVud4+UtyVb+hs9AXi+j1xVJAg=
    dependencies:
      estree-walker "^0.2.1"
      minimatch "^3.0.2"
  
  rollup@^0.66.6:
    version "0.66.6"
    resolved "https://registry.yarnpkg.com/rollup/-/rollup-0.66.6.tgz#ce7d6185beb7acea644ce220c25e71ae03275482"
    integrity sha512-J7/SWanrcb83vfIHqa8+aVVGzy457GcjA6GVZEnD0x2u4OnOd0Q1pCrEoNe8yLwM6z6LZP02zBT2uW0yh5TqOw==
    dependencies:
      "@types/estree" "0.0.39"
      "@types/node" "*"
  
  safe-buffer@~5.1.0, safe-buffer@~5.1.1:
    version "5.1.2"
    resolved "https://registry.yarnpkg.com/safe-buffer/-/safe-buffer-5.1.2.tgz#991ec69d296e0313747d59bdfd2b745c35f8828d"
    integrity sha512-Gd2UZBJDkXlY7GbJxfsE8/nvKkUEU1G38c1siN6QP6a9PT9MmHB8GnpscSmMJSoF8LOIrt8ud/wPtojys4G6+g==
  
  save-as@^0.1.8:
    version "0.1.8"
    resolved "https://registry.yarnpkg.com/save-as/-/save-as-0.1.8.tgz#765f947b7878bab233e1952bbc9120e1c3f041be"
    integrity sha1-dl+Ue3h4urIz4ZUrvJEg4cPwQb4=
    dependencies:
      chai "*"
  
  semver@^5.3.0:
    version "5.5.0"
    resolved "https://registry.yarnpkg.com/semver/-/semver-5.5.0.tgz#dc4bbc7a6ca9d916dee5d43516f0092b58f7b8ab"
    integrity sha512-4SJ3dm0WAwWy/NVeioZh5AntkdJoWKxHxcmyP622fOkgHa4z3R0TdBJICINyaSDE6uNwVc8gZr+ZinwZAH4xIA==
  
  serialize-javascript@^1.5.0:
    version "1.5.0"
    resolved "https://registry.yarnpkg.com/serialize-javascript/-/serialize-javascript-1.5.0.tgz#1aa336162c88a890ddad5384baebc93a655161fe"
    integrity sha512-Ga8c8NjAAp46Br4+0oZ2WxJCwIzwP60Gq1YPgU+39PiTVxyed/iKE/zyZI6+UlVYH5Q4PaQdHhcegIFPZTUfoQ==
  
  source-map@~0.5.1:
    version "0.5.7"
    resolved "https://registry.yarnpkg.com/source-map/-/source-map-0.5.7.tgz#8a039d2d1021d22d1ea14c80d8ea468ba2ef3fcc"
    integrity sha1-igOdLRAh0i0eoUyA2OpGi6LvP8w=
  
  source-map@~0.6.1:
    version "0.6.1"
    resolved "https://registry.yarnpkg.com/source-map/-/source-map-0.6.1.tgz#74722af32e9614e9c287a8d0bbde48b5e2f1a263"
    integrity sha512-UjgapumWlbMhkBgzT7Ykc5YXUT46F0iKu8SGXq0bcwP5dz/h0Plj6enJqjz1Zbq2l5WaqYnrVbwWOWMyF3F47g==
  
  sourcemap-codec@^1.4.1:
    version "1.4.3"
    resolved "https://registry.yarnpkg.com/sourcemap-codec/-/sourcemap-codec-1.4.3.tgz#0ba615b73ec35112f63c2f2d9e7c3f87282b0e33"
    integrity sha512-vFrY/x/NdsD7Yc8mpTJXuao9S8lq08Z/kOITHz6b7YbfI9xL8Spe5EvSQUHOI7SbpY8bRPr0U3kKSsPuqEGSfA==
  
  sprintf-js@~1.0.2:
    version "1.0.3"
    resolved "https://registry.yarnpkg.com/sprintf-js/-/sprintf-js-1.0.3.tgz#04e6926f662895354f3dd015203633b857297e2c"
    integrity sha1-BOaSb2YolTVPPdAVIDYzuFcpfiw=
  
  string_decoder@~1.1.1:
    version "1.1.1"
    resolved "https://registry.yarnpkg.com/string_decoder/-/string_decoder-1.1.1.tgz#9cf1611ba62685d7030ae9e4ba34149c3af03fc8"
    integrity sha512-n/ShnvDi6FHbbVfviro+WojiFzv+s8MPMHBczVePfUpDJLwoLT0ht1l4YwBCbi8pJAveEEdnkHyPyTP/mzRfwg==
    dependencies:
      safe-buffer "~5.1.0"
  
  strip-ansi@^3.0.0:
    version "3.0.1"
    resolved "https://registry.yarnpkg.com/strip-ansi/-/strip-ansi-3.0.1.tgz#6a385fb8853d952d5ff05d0e8aaf94278dc63dcf"
    integrity sha1-ajhfuIU9lS1f8F0Oiq+UJ43GPc8=
    dependencies:
      ansi-regex "^2.0.0"
  
  supports-color@^2.0.0:
    version "2.0.0"
    resolved "https://registry.yarnpkg.com/supports-color/-/supports-color-2.0.0.tgz#535d045ce6b6363fa40117084629995e9df324c7"
    integrity sha1-U10EXOa2Nj+kARcIRimZXp3zJMc=
  
  supports-color@^5.3.0:
    version "5.4.0"
    resolved "https://registry.yarnpkg.com/supports-color/-/supports-color-5.4.0.tgz#1c6b337402c2137605efe19f10fec390f6faab54"
    integrity sha512-zjaXglF5nnWpsq470jSv6P9DwPvgLkuapYmfDm3JWOm0vkNTVF2tI4UrN2r6jH1qM/uc/WtxYY1hYoA2dOKj5w==
    dependencies:
      has-flag "^3.0.0"
  
  ticky@1.0.1:
    version "1.0.1"
    resolved "https://registry.yarnpkg.com/ticky/-/ticky-1.0.1.tgz#b7cfa71e768f1c9000c497b9151b30947c50e46d"
    integrity sha1-t8+nHnaPHJAAxJe5FRswlHxQ5G0=
  
  tslib@1.9.3:
    version "1.9.3"
    resolved "https://registry.yarnpkg.com/tslib/-/tslib-1.9.3.tgz#d7e4dd79245d85428c4d7e4822a79917954ca286"
    integrity sha512-4krF8scpejhaOgqzBEcGM7yDIEfi0/8+8zDRZhNZZ2kjmHJ4hv3zCbQWxoJGz1iw5U0Jl0nma13xzHXcncMavQ==
  
  tslib@^1.8.0, tslib@^1.8.1:
    version "1.9.0"
    resolved "https://registry.yarnpkg.com/tslib/-/tslib-1.9.0.tgz#e37a86fda8cbbaf23a057f473c9f4dc64e5fc2e8"
    integrity sha512-f/qGG2tUkrISBlQZEjEqoZ3B2+npJjIf04H1wuAv9iA8i04Icp+61KRXxFdha22670NJopsZCIjhC3SnjPRKrQ==
  
  tslint@^5.11.0:
    version "5.11.0"
    resolved "https://registry.yarnpkg.com/tslint/-/tslint-5.11.0.tgz#98f30c02eae3cde7006201e4c33cb08b48581eed"
    integrity sha1-mPMMAurjzecAYgHkwzywi0hYHu0=
    dependencies:
      babel-code-frame "^6.22.0"
      builtin-modules "^1.1.1"
      chalk "^2.3.0"
      commander "^2.12.1"
      diff "^3.2.0"
      glob "^7.1.1"
      js-yaml "^3.7.0"
      minimatch "^3.0.4"
      resolve "^1.3.2"
      semver "^5.3.0"
      tslib "^1.8.0"
      tsutils "^2.27.2"
  
  tsutils@^2.27.2:
    version "2.29.0"
    resolved "https://registry.yarnpkg.com/tsutils/-/tsutils-2.29.0.tgz#32b488501467acbedd4b85498673a0812aca0b99"
    integrity sha512-g5JVHCIJwzfISaXpXE1qvNalca5Jwob6FjI4AoPlqMusJ6ftFE7IkkFoMhVLRgK+4Kx3gkzb8UZK5t5yTTvEmA==
    dependencies:
      tslib "^1.8.1"
  
  type-detect@^4.0.0, type-detect@^4.0.5:
    version "4.0.8"
    resolved "https://registry.yarnpkg.com/type-detect/-/type-detect-4.0.8.tgz#7646fb5f18871cfbb7749e69bd39a6388eb7450c"
    integrity sha512-0fr/mIH1dlO+x7TlcMy+bIDqKPsw/70tVyeHW787goQjhmqaZe10uwLujubK9q9Lg6Fiho1KUKDYz0Z7k7g5/g==
  
  typescript@^3.1.2:
    version "3.1.2"
    resolved "https://registry.yarnpkg.com/typescript/-/typescript-3.1.2.tgz#c03a5d16f30bb60ad8bb6fe8e7cb212eedeec950"
    integrity sha512-gOoGJWbNnFAfP9FlrSV63LYD5DJqYJHG5ky1kOXSl3pCImn4rqWy/flyq1BRd4iChQsoCqjbQaqtmXO4yCVPCA==
  
  uglify-es@3.0.3:
    version "3.0.3"
    resolved "https://registry.yarnpkg.com/uglify-es/-/uglify-es-3.0.3.tgz#63cc84aa9468b34973a4887787c64c01a8a87576"
    integrity sha1-Y8yEqpRos0lzpIh3h8ZMAaiodXY=
    dependencies:
      commander "~2.9.0"
      source-map "~0.5.1"
    optionalDependencies:
      uglify-to-browserify "~1.0.0"
  
  uglify-js@^3.4.9:
    version "3.4.9"
    resolved "https://registry.yarnpkg.com/uglify-js/-/uglify-js-3.4.9.tgz#af02f180c1207d76432e473ed24a28f4a782bae3"
    integrity sha512-8CJsbKOtEbnJsTyv6LE6m6ZKniqMiFWmm9sRbopbkGs3gMPPfd3Fh8iIA4Ykv5MgaTbqHr4BaoGLJLZNhsrW1Q==
    dependencies:
      commander "~2.17.1"
      source-map "~0.6.1"
  
  uglify-to-browserify@~1.0.0:
    version "1.0.2"
    resolved "https://registry.yarnpkg.com/uglify-to-browserify/-/uglify-to-browserify-1.0.2.tgz#6e0924d6bda6b5afe349e39a6d632850a0f882b7"
    integrity sha1-bgkk1r2mta/jSeOabWMoUKD4grc=
  
  universalify@^0.1.0:
    version "0.1.1"
    resolved "https://registry.yarnpkg.com/universalify/-/universalify-0.1.1.tgz#fa71badd4437af4c148841e3b3b165f9e9e590b7"
    integrity sha1-+nG63UQ3r0wUiEHjs7Fl+enlkLc=
  
  util-deprecate@~1.0.1:
    version "1.0.2"
    resolved "https://registry.yarnpkg.com/util-deprecate/-/util-deprecate-1.0.2.tgz#450d4dc9fa70de732762fbd2d4a28981419a0ccf"
    integrity sha1-RQ1Nyfpw3nMnYvvS1KKJgUGaDM8=
  
  wrappy@1:
    version "1.0.2"
    resolved "https://registry.yarnpkg.com/wrappy/-/wrappy-1.0.2.tgz#b5243d8f3ec1aa35f1364605bc0d1036e30ab69f"
    integrity sha1-tSQ9jz7BqjXxNkYFvA0QNuMKtp8=
